SanJuanAlerta2/build/outputs/logs/manifest-merger-debug-report.txt
-- Merging decision tree log ---
manifest
ADDED from alerta-san-juan\SanJuanAlerta2\AndroidManifest.xml:3:1-66:12
	package
		ADDED from alerta-san-juan\SanJuanAlerta2\AndroidManifest.xml:5:5-43
	android:versionName
		ADDED from alerta-san-juan\SanJuanAlerta2\AndroidManifest.xml:7:5-30
		INJECTED from alerta-san-juan\SanJuanAlerta2\AndroidManifest.xml
		INJECTED from alerta-san-juan\SanJuanAlerta2\AndroidManifest.xml
	xmlns:tools
		ADDED from alerta-san-juan\SanJuanAlerta2\AndroidManifest.xml:4:5-51
	android:versionCode
		ADDED from alerta-san-juan\SanJuanAlerta2\AndroidManifest.xml:6:5-29
		INJECTED from alerta-san-juan\SanJuanAlerta2\AndroidManifest.xml
		INJECTED from alerta-san-juan\SanJuanAlerta2\AndroidManifest.xml
	xmlns:android
		ADDED from alerta-san-juan\SanJuanAlerta2\AndroidManifest.xml:3:11-69
uses-sdk
ADDED from alerta-san-juan\SanJuanAlerta2\AndroidManifest.xml:9:5-11:41
	android:targetSdkVersion
		ADDED from alerta-san-juan\SanJuanAlerta2\AndroidManifest.xml:11:9-38
	android:minSdkVersion
		ADDED from alerta-san-juan\SanJuanAlerta2\AndroidManifest.xml:10:9-34
uses-permission#android.permission.SEND_SMS
ADDED from alerta-san-juan\SanJuanAlerta2\AndroidManifest.xml:13:5-67
	android:name
		ADDED from alerta-san-juan\SanJuanAlerta2\AndroidManifest.xml:13:22-64
uses-permission#android.permission.READ_CONTACTS
ADDED from alerta-san-juan\SanJuanAlerta2\AndroidManifest.xml:14:5-72
	android:name
		ADDED from alerta-san-juan\SanJuanAlerta2\AndroidManifest.xml:14:22-69
uses-permission#android.permission.ACCESS_FINE_LOCATION
ADDED from alerta-san-juan\SanJuanAlerta2\AndroidManifest.xml:15:5-79
	android:name
		ADDED from alerta-san-juan\SanJuanAlerta2\AndroidManifest.xml:15:22-76
uses-permission#android.permission.ACCESS_COARSE_LOCATION
ADDED from alerta-san-juan\SanJuanAlerta2\AndroidManifest.xml:16:5-81
	android:name
		ADDED from alerta-san-juan\SanJuanAlerta2\AndroidManifest.xml:16:22-78
uses-permission#android.permission.ACCESS_LOCATION_EXTRA_COMMANDS
ADDED from alerta-san-juan\SanJuanAlerta2\AndroidManifest.xml:17:5-89
	android:name
		ADDED from alerta-san-juan\SanJuanAlerta2\AndroidManifest.xml:17:22-86
android:uses-permission#android.permission.WRITE_EXTERNAL_STORAGE
ADDED from alerta-san-juan\SanJuanAlerta2\AndroidManifest.xml:21:5-116
	android:maxSdkVersion
		ADDED from alerta-san-juan\SanJuanAlerta2\AndroidManifest.xml:21:87-113
	android:name
		ADDED from alerta-san-juan\SanJuanAlerta2\AndroidManifest.xml:21:30-86
android:uses-permission#android.permission.READ_PHONE_STATE
ADDED from alerta-san-juan\SanJuanAlerta2\AndroidManifest.xml:23:5-83
	android:name
		ADDED from alerta-san-juan\SanJuanAlerta2\AndroidManifest.xml:23:30-80
android:uses-permission#android.permission.READ_EXTERNAL_STORAGE
ADDED from alerta-san-juan\SanJuanAlerta2\AndroidManifest.xml:25:5-115
	android:maxSdkVersion
		ADDED from alerta-san-juan\SanJuanAlerta2\AndroidManifest.xml:25:86-112
	android:name
		ADDED from alerta-san-juan\SanJuanAlerta2\AndroidManifest.xml:25:30-85
application
ADDED from alerta-san-juan\SanJuanAlerta2\AndroidManifest.xml:27:5-64:19
	android:label
		ADDED from alerta-san-juan\SanJuanAlerta2\AndroidManifest.xml:30:9-41
	android:allowBackup
		ADDED from alerta-san-juan\SanJuanAlerta2\AndroidManifest.xml:28:9-36
	android:icon
		ADDED from alerta-san-juan\SanJuanAlerta2\AndroidManifest.xml:29:9-45
	android:theme
		ADDED from alerta-san-juan\SanJuanAlerta2\AndroidManifest.xml:31:9-40
activity#com.edadevsys.sanjuanalerta2.MainActivity
ADDED from alerta-san-juan\SanJuanAlerta2\AndroidManifest.xml:32:9-45:20
	android:screenOrientation
		ADDED from alerta-san-juan\SanJuanAlerta2\AndroidManifest.xml:37:13-49
	android:label
		ADDED from alerta-san-juan\SanJuanAlerta2\AndroidManifest.xml:36:13-45
	tools:ignore
		ADDED from alerta-san-juan\SanJuanAlerta2\AndroidManifest.xml:39:13-43
	android:configChanges
		ADDED from alerta-san-juan\SanJuanAlerta2\AndroidManifest.xml:35:13-74
	android:uiOptions
		ADDED from alerta-san-juan\SanJuanAlerta2\AndroidManifest.xml:38:13-57
	android:alwaysRetainTaskState
		ADDED from alerta-san-juan\SanJuanAlerta2\AndroidManifest.xml:34:13-49
	android:name
		ADDED from alerta-san-juan\SanJuanAlerta2\AndroidManifest.xml:33:13-41
intent-filter#android.intent.action.MAIN+android.intent.category.LAUNCHER
ADDED from alerta-san-juan\SanJuanAlerta2\AndroidManifest.xml:40:13-44:29
action#android.intent.action.MAIN
ADDED from alerta-san-juan\SanJuanAlerta2\AndroidManifest.xml:41:17-69
	android:name
		ADDED from alerta-san-juan\SanJuanAlerta2\AndroidManifest.xml:41:25-66
category#android.intent.category.LAUNCHER
ADDED from alerta-san-juan\SanJuanAlerta2\AndroidManifest.xml:43:17-77
	android:name
		ADDED from alerta-san-juan\SanJuanAlerta2\AndroidManifest.xml:43:27-74
activity#com.edadevsys.sanjuanalerta2.ConfigAppActivity
ADDED from alerta-san-juan\SanJuanAlerta2\AndroidManifest.xml:46:9-49:20
	android:label
		ADDED from alerta-san-juan\SanJuanAlerta2\AndroidManifest.xml:48:13-62
	android:name
		ADDED from alerta-san-juan\SanJuanAlerta2\AndroidManifest.xml:47:13-46
activity#com.edadevsys.sanjuanalerta2.ContactsMainActivity
ADDED from alerta-san-juan\SanJuanAlerta2\AndroidManifest.xml:50:9-53:20
	android:label
		ADDED from alerta-san-juan\SanJuanAlerta2\AndroidManifest.xml:52:13-68
	android:name
		ADDED from alerta-san-juan\SanJuanAlerta2\AndroidManifest.xml:51:13-49
activity#com.edadevsys.sanjuanalerta2.ContactList
ADDED from alerta-san-juan\SanJuanAlerta2\AndroidManifest.xml:54:9-59:20
	android:label
		ADDED from alerta-san-juan\SanJuanAlerta2\AndroidManifest.xml:56:13-71
	tools:ignore
		ADDED from alerta-san-juan\SanJuanAlerta2\AndroidManifest.xml:58:13-43
	android:uiOptions
		ADDED from alerta-san-juan\SanJuanAlerta2\AndroidManifest.xml:57:13-57
	android:name
		ADDED from alerta-san-juan\SanJuanAlerta2\AndroidManifest.xml:55:13-40
activity#com.edadevsys.sanjuanalerta2.MainActivityListContact
ADDED from alerta-san-juan\SanJuanAlerta2\AndroidManifest.xml:60:9-63:20
	android:label
		ADDED from alerta-san-juan\SanJuanAlerta2\AndroidManifest.xml:62:13-73
	android:name
		ADDED from alerta-san-juan\SanJuanAlerta2\AndroidManifest.xml:61:13-52